<?xml version="1.0" encoding="UTF-8"?>
<testsuite xmlns:xsi="http://www.w3.org/2001/XMLSchema-instance" xsi:noNamespaceSchemaLocation="https://maven.apache.org/surefire/maven-surefire-plugin/xsd/surefire-test-report.xsd" name="net.thumbtack.school.library.TestLibrary" time="0.294" tests="4" errors="0" skipped="0" failures="0">
  <properties>
[...]
</properties>
  <testcase name="testLoginAndLogoutUser" classname="net.thumbtack.school.library.TestLibrary" time="0.201"/>
  <testcase name="testGetBooks" classname="net.thumbtack.school.library.TestLibrary" time="0.029"/>
  <testcase name="testBooks" classname="net.thumbtack.school.library.TestLibrary" time="0.011"/>
  <testcase name="testRegisterUser" classname="net.thumbtack.school.library.TestLibrary" time="0.002"/>
</testsuite>